# JRE version: OpenJDK Runtime Environment (8.0_76-b03) (build 1.8.0_76-release-b03)
# Java VM: OpenJDK 64-Bit Server VM (25.76-b03 mixed mode windows-amd64 compressed oops)
Heap:
 PSYoungGen      total 216064K, used 57327K [0x00000000eab00000, 0x0000000100000000, 0x0000000100000000)
  eden space 158720K, 0% used [0x00000000eab00000,0x00000000eab00000,0x00000000f4600000)
  from space 57344K, 99% used [0x00000000fbe80000,0x00000000ff67bf40,0x00000000ff680000)
  to   space 95232K, 0% used [0x00000000f4600000,0x00000000f4600000,0x00000000fa300000)
 ParOldGen       total 372736K, used 346303K [0x00000000c0000000, 0x00000000d6c00000, 0x00000000eab00000)
  object space 372736K, 92% used [0x00000000c0000000,0x00000000d522fdf8,0x00000000d6c00000)
 Metaspace       used 67196K, capacity 74598K, committed 75520K, reserved 1114112K
  class space    used 8558K, capacity 10714K, committed 11008K, reserved 1048576K
GC Heap History (10 events):
Event: 15205.813 GC heap after
Heap after GC invocations=468 (full 48):
 PSYoungGen      total 273408K, used 7648K [0x00000000eab00000, 0x0000000100000000, 0x0000000100000000)
  eden space 203776K, 0% used [0x00000000eab00000,0x00000000eab00000,0x00000000f7200000)
  from space 69632K, 10% used [0x00000000fb380000,0x00000000fbaf8030,0x00000000ff780000)
  to   space 67072K, 0% used [0x00000000f7200000,0x00000000f7200000,0x00000000fb380000)
 ParOldGen       total 372736K, used 252484K [0x00000000c0000000, 0x00000000d6c00000, 0x00000000eab00000)
  object space 372736K, 67% used [0x00000000c0000000,0x00000000cf691298,0x00000000d6c00000)
 Metaspace       used 67180K, capacity 74592K, committed 75520K, reserved 1114112K
  class space    used 8558K, capacity 10713K, committed 11008K, reserved 1048576K
}
Event: 15207.783 GC heap before
{Heap before GC invocations=469 (full 48):
 PSYoungGen      total 273408K, used 211424K [0x00000000eab00000, 0x0000000100000000, 0x0000000100000000)
  eden space 203776K, 100% used [0x00000000eab00000,0x00000000f7200000,0x00000000f7200000)
  from space 69632K, 10% used [0x00000000fb380000,0x00000000fbaf8030,0x00000000ff780000)
  to   space 67072K, 0% used [0x00000000f7200000,0x00000000f7200000,0x00000000fb380000)
 ParOldGen       total 372736K, used 252484K [0x00000000c0000000, 0x00000000d6c00000, 0x00000000eab00000)
  object space 372736K, 67% used [0x00000000c0000000,0x00000000cf691298,0x00000000d6c00000)
 Metaspace       used 67180K, capacity 74592K, committed 75520K, reserved 1114112K
  class space    used 8558K, capacity 10713K, committed 11008K, reserved 1048576K
Event: 15207.804 GC heap after
Heap after GC invocations=469 (full 48):
 PSYoungGen      total 270848K, used 9713K [0x00000000eab00000, 0x00000000ff780000, 0x0000000100000000)
  eden space 203776K, 0% used [0x00000000eab00000,0x00000000eab00000,0x00000000f7200000)
  from space 67072K, 14% used [0x00000000f7200000,0x00000000f7b7c7c8,0x00000000fb380000)
  to   space 64000K, 0% used [0x00000000fb900000,0x00000000fb900000,0x00000000ff780000)
 ParOldGen       total 372736K, used 259339K [0x00000000c0000000, 0x00000000d6c00000, 0x00000000eab00000)
  object space 372736K, 69% used [0x00000000c0000000,0x00000000cfd42f18,0x00000000d6c00000)
 Metaspace       used 67180K, capacity 74592K, committed 75520K, reserved 1114112K
  class space    used 8558K, capacity 10713K, committed 11008K, reserved 1048576K
}
Event: 15208.942 GC heap before
{Heap before GC invocations=470 (full 48):
 PSYoungGen      total 270848K, used 213489K [0x00000000eab00000, 0x00000000ff780000, 0x0000000100000000)
  eden space 203776K, 100% used [0x00000000eab00000,0x00000000f7200000,0x00000000f7200000)
  from space 67072K, 14% used [0x00000000f7200000,0x00000000f7b7c7c8,0x00000000fb380000)
  to   space 64000K, 0% used [0x00000000fb900000,0x00000000fb900000,0x00000000ff780000)
 ParOldGen       total 372736K, used 259339K [0x00000000c0000000, 0x00000000d6c00000, 0x00000000eab00000)
  object space 372736K, 69% used [0x00000000c0000000,0x00000000cfd42f18,0x00000000d6c00000)
 Metaspace       used 67189K, capacity 74592K, committed 75520K, reserved 1114112K
  class space    used 8558K, capacity 10713K, committed 11008K, reserved 1048576K
Event: 15208.962 GC heap after
Heap after GC invocations=470 (full 48):
 PSYoungGen      total 279040K, used 8736K [0x00000000eab00000, 0x00000000ff700000, 0x0000000100000000)
  eden space 215552K, 0% used [0x00000000eab00000,0x00000000eab00000,0x00000000f7d80000)
  from space 63488K, 13% used [0x00000000fb900000,0x00000000fc1883a8,0x00000000ff700000)
  to   space 60928K, 0% used [0x00000000f7d80000,0x00000000f7d80000,0x00000000fb900000)
 ParOldGen       total 372736K, used 268747K [0x00000000c0000000, 0x00000000d6c00000, 0x00000000eab00000)
  object space 372736K, 72% used [0x00000000c0000000,0x00000000d0672ca0,0x00000000d6c00000)
 Metaspace       used 67189K, capacity 74592K, committed 75520K, reserved 1114112K
  class space    used 8558K, capacity 10713K, committed 11008K, reserved 1048576K
}
Event: 15217.209 GC heap before
{Heap before GC invocations=471 (full 48):
 PSYoungGen      total 279040K, used 224288K [0x00000000eab00000, 0x00000000ff700000, 0x0000000100000000)
  eden space 215552K, 100% used [0x00000000eab00000,0x00000000f7d80000,0x00000000f7d80000)
  from space 63488K, 13% used [0x00000000fb900000,0x00000000fc1883a8,0x00000000ff700000)
  to   space 60928K, 0% used [0x00000000f7d80000,0x00000000f7d80000,0x00000000fb900000)
 ParOldGen       total 372736K, used 268747K [0x00000000c0000000, 0x00000000d6c00000, 0x00000000eab00000)
  object space 372736K, 72% used [0x00000000c0000000,0x00000000d0672ca0,0x00000000d6c00000)
 Metaspace       used 67196K, capacity 74598K, committed 75520K, reserved 1114112K
  class space    used 8558K, capacity 10714K, committed 11008K, reserved 1048576K
Event: 15217.228 GC heap after
Heap after GC invocations=471 (full 48):
 PSYoungGen      total 276480K, used 18560K [0x00000000eab00000, 0x00000000ff680000, 0x0000000100000000)
  eden space 215552K, 0% used [0x00000000eab00000,0x00000000eab00000,0x00000000f7d80000)
  from space 60928K, 30% used [0x00000000f7d80000,0x00000000f8fa0020,0x00000000fb900000)
  to   space 57344K, 0% used [0x00000000fbe80000,0x00000000fbe80000,0x00000000ff680000)
 ParOldGen       total 372736K, used 273084K [0x00000000c0000000, 0x00000000d6c00000, 0x00000000eab00000)
  object space 372736K, 73% used [0x00000000c0000000,0x00000000d0aaf038,0x00000000d6c00000)
 Metaspace       used 67196K, capacity 74598K, committed 75520K, reserved 1114112K
  class space    used 8558K, capacity 10714K, committed 11008K, reserved 1048576K
}
Event: 15217.652 GC heap before
{Heap before GC invocations=472 (full 48):
 PSYoungGen      total 276480K, used 234112K [0x00000000eab00000, 0x00000000ff680000, 0x0000000100000000)
  eden space 215552K, 100% used [0x00000000eab00000,0x00000000f7d80000,0x00000000f7d80000)
  from space 60928K, 30% used [0x00000000f7d80000,0x00000000f8fa0020,0x00000000fb900000)
  to   space 57344K, 0% used [0x00000000fbe80000,0x00000000fbe80000,0x00000000ff680000)
 ParOldGen       total 372736K, used 273084K [0x00000000c0000000, 0x00000000d6c00000, 0x00000000eab00000)
  object space 372736K, 73% used [0x00000000c0000000,0x00000000d0aaf038,0x00000000d6c00000)
 Metaspace       used 67196K, capacity 74598K, committed 75520K, reserved 1114112K
  class space    used 8558K, capacity 10714K, committed 11008K, reserved 1048576K
Event: 15217.733 GC heap after
Heap after GC invocations=472 (full 48):
 PSYoungGen      total 216064K, used 57327K [0x00000000eab00000, 0x0000000100000000, 0x0000000100000000)
  eden space 158720K, 0% used [0x00000000eab00000,0x00000000eab00000,0x00000000f4600000)
  from space 57344K, 99% used [0x00000000fbe80000,0x00000000ff67bf40,0x00000000ff680000)
  to   space 95232K, 0% used [0x00000000f4600000,0x00000000f4600000,0x00000000fa300000)
 ParOldGen       total 372736K, used 346303K [0x00000000c0000000, 0x00000000d6c00000, 0x00000000eab00000)
  object space 372736K, 92% used [0x00000000c0000000,0x00000000d522fdf8,0x00000000d6c00000)
 Metaspace       used 67196K, capacity 74598K, committed 75520K, reserved 1114112K
  class space    used 8558K, capacity 10714K, committed 11008K, reserved 1048576K
}
Event: 15217.733 GC heap before
{Heap before GC invocations=473 (full 49):
 PSYoungGen      total 216064K, used 57327K [0x00000000eab00000, 0x0000000100000000, 0x0000000100000000)
  eden space 158720K, 0% used [0x00000000eab00000,0x00000000eab00000,0x00000000f4600000)
  from space 57344K, 99% used [0x00000000fbe80000,0x00000000ff67bf40,0x00000000ff680000)
  to   space 95232K, 0% used [0x00000000f4600000,0x00000000f4600000,0x00000000fa300000)
 ParOldGen       total 372736K, used 346303K [0x00000000c0000000, 0x00000000d6c00000, 0x00000000eab00000)
  object space 372736K, 92% used [0x00000000c0000000,0x00000000d522fdf8,0x00000000d6c00000)
 Metaspace       used 67196K, capacity 74598K, committed 75520K, reserved 1114112K
  class space    used 8558K, capacity 10714K, committed 11008K, reserved 1048576K

